2020-01-14 10:33:02 INFO:A_6.py:39 Setting Workflow basic metadata 

2020-01-14 10:33:02 INFO:A_6.py:131 Workflow initialization 

2020-01-14 10:33:02 DEBUG:PyroUtil.py:176 Can connect to a LISTENING port of nameserver on 172.30.0.1:9090 

2020-01-14 10:33:02 DEBUG:PyroUtil.py:188 Connected to NameServer on 172.30.0.1:9090. Pyro4 version on your localhost is 4.77 

2020-01-14 10:33:02 INFO:PyroUtil.py:556 Located Job Manager eX_DigimatMF_JobManager at: 172.30.0.112 44382 None None 

2020-01-14 10:33:02 DEBUG:PyroUtil.py:252 Application eX_DigimatMF_JobManager, found URI PYRO:obj_7db04ce6dc304145b7e2367443ea6e86@172.30.0.112:44382 on ('172.30.0.112', 44382, 'None', 'None') from a nameServer <Pyro4.core.Proxy at 0x7ff8304fdcc0; connected IPv4; for PYRO:Pyro.NameServer@172.30.0.1:9090> 

2020-01-14 10:33:02 INFO:PyroUtil.py:260 Connecting to application eX_DigimatMF_JobManager with <Pyro4.core.Proxy at 0x7ff830514eb8; not connected; for PYRO:obj_7db04ce6dc304145b7e2367443ea6e86@172.30.0.112:44382> 

2020-01-14 10:33:03 DEBUG:PyroUtil.py:262 Connected to Mupif.JobManager.SimpleJobManager2 with the application eX_DigimatMF_JobManager 

2020-01-14 10:33:03 INFO:PyroUtil.py:556 Located Job Manager Abaqus@Mupif.LIST at: 172.30.0.163 44385 None None 

2020-01-14 10:33:03 DEBUG:PyroUtil.py:252 Application Abaqus@Mupif.LIST, found URI PYRO:obj_4766d4ed19d847299a107435dd297b0b@172.30.0.163:44385 on ('172.30.0.163', 44385, 'None', 'None') from a nameServer <Pyro4.core.Proxy at 0x7ff8304fdcc0; connected IPv4; for PYRO:Pyro.NameServer@172.30.0.1:9090> 

2020-01-14 10:33:03 INFO:PyroUtil.py:260 Connecting to application Abaqus@Mupif.LIST with <Pyro4.core.Proxy at 0x7ff830514080; not connected; for PYRO:obj_4766d4ed19d847299a107435dd297b0b@172.30.0.163:44385> 

2020-01-14 10:33:03 DEBUG:PyroUtil.py:262 Connected to Mupif.JobManager.SimpleJobManager2 with the application Abaqus@Mupif.LIST 

2020-01-14 10:33:03 INFO:A_6.py:143 Created LAMMPS job 

2020-01-14 10:33:03 DEBUG:PyroUtil.py:597 Trying to connect to JobManager 

2020-01-14 10:33:04 INFO:PyroUtil.py:615 Allocated job, returned record from jobManager:(1, '7@eX_DigimatMF_JobManager', 9006) 

2020-01-14 10:33:04 INFO:PyroUtil.py:638 Scenario: Connecting to 7@eX_DigimatMF_JobManager 9006 

2020-01-14 10:33:04 DEBUG:PyroUtil.py:252 Application 7@eX_DigimatMF_JobManager, found URI PYRO:obj_474eb65ffc084385ad54d8fdd16ddaa0@172.30.0.112:9006 on ('172.30.0.112', 9006, 'None', 'None') from a nameServer <Pyro4.core.Proxy at 0x7ff8304fdcc0; connected IPv4; for PYRO:Pyro.NameServer@172.30.0.1:9090> 

2020-01-14 10:33:04 INFO:PyroUtil.py:260 Connecting to application 7@eX_DigimatMF_JobManager with <Pyro4.core.Proxy at 0x7ff8305136d8; not connected; for PYRO:obj_474eb65ffc084385ad54d8fdd16ddaa0@172.30.0.112:9006> 

2020-01-14 10:33:04 DEBUG:PyroUtil.py:262 Connected to DigimatApplication with the application 7@eX_DigimatMF_JobManager 

2020-01-14 10:33:04 INFO:A_6.py:145 Created digimat job 

2020-01-14 10:33:04 DEBUG:PyroUtil.py:597 Trying to connect to JobManager 

2020-01-14 10:33:06 INFO:PyroUtil.py:615 Allocated job, returned record from jobManager:(1, '23@Abaqus@Mupif.LIST', 9272) 

2020-01-14 10:33:06 INFO:PyroUtil.py:638 Scenario: Connecting to 23@Abaqus@Mupif.LIST 9272 

2020-01-14 10:33:06 DEBUG:PyroUtil.py:252 Application 23@Abaqus@Mupif.LIST, found URI PYRO:obj_49b3e500fe6f4d47808d1ff536bc2033@172.30.0.163:9272 on ('172.30.0.163', 9272, 'None', 'None') from a nameServer <Pyro4.core.Proxy at 0x7ff8304fdcc0; connected IPv4; for PYRO:Pyro.NameServer@172.30.0.1:9090> 

2020-01-14 10:33:06 INFO:PyroUtil.py:260 Connecting to application 23@Abaqus@Mupif.LIST with <Pyro4.core.Proxy at 0x7ff8305139e8; not connected; for PYRO:obj_49b3e500fe6f4d47808d1ff536bc2033@172.30.0.163:9272> 

2020-01-14 10:33:06 DEBUG:PyroUtil.py:262 Connected to LIST_Abaqus_API with the application 23@Abaqus@Mupif.LIST 

2020-01-14 10:33:06 INFO:A_6.py:147 Created Abaqus job 

2020-01-14 10:33:06 INFO:A_6.py:153 Working lammps solver on server Model 

2020-01-14 10:33:06 INFO:A_6.py:155 Working digimat solver on server DigimatApplication 

2020-01-14 10:33:07 INFO:A_6.py:157 Working abaqus solver on server LIST_Abaqus_API 

2020-01-14 10:33:07 INFO:A_6.py:162 Metadata were successfully validate 

2020-01-14 10:33:07 INFO:A_6.py:173 Setting Execution Metadata of LAMMPS 

2020-01-14 10:33:07 INFO:A_6.py:174 Setting Execution Metadata of LAMMPS 

2020-01-14 10:33:07 INFO:A_6.py:179 Setting Execution Metadata of Digimat 

2020-01-14 10:33:07 INFO:A_6.py:183 Setting Execution Metadata of Abaqus 

2020-01-14 10:33:07 INFO:A_6.py:193 **** copy files to working directories 

2020-01-14 10:33:07 INFO:A_6.py:201 Identifying input files. 

2020-01-14 10:33:07 INFO:A_6.py:219 Transferring input files to the work directory. 

2020-01-14 10:33:07 INFO:A_6.py:228 $$$ Uploading input files from control computer to workdir 

2020-01-14 10:33:07 INFO:A_6.py:229 Uploading input files to server 

2020-01-14 10:34:17 INFO:A_6.py:239 FILES COPIED 

2020-01-14 10:34:17 INFO:A_6.py:253 SOLVER INITIALIZED 

2020-01-14 10:34:17 DEBUG:Workflow.py:131 Step 1: t=1 dt=1 

2020-01-14 10:34:28 INFO:A_6.py:336 Running Digimat 

2020-01-14 10:34:29 INFO:A_6.py:393 Running Abaqus 

2020-01-14 11:07:28 INFO:Model.py:558 RemoteApplication: Terminating jobManager job 7@eX_DigimatMF_JobManager on eX_DigimatMF_JobManager 

2020-01-14 11:07:29 INFO:Model.py:558 RemoteApplication: Terminating jobManager job 23@Abaqus@Mupif.LIST on Abaqus@Mupif.LIST 

2020-01-14 11:07:29 INFO:Model.py:496 Terminating model 

2020-01-14 11:07:29 INFO:A_6.py:528 WORKFLOW SOLVED 

2020-01-14 11:07:29 INFO:A_6.py:548 Requested KPI : Buckling Load: 0.85781{N,PropertyID.PID_CriticalLoadLevel,ValueType.Scalar}@None N 

2020-01-14 11:07:29 INFO:Model.py:496 Terminating model 

2020-01-14 11:07:29 INFO:A_6.py:550 Process complete 

